<?xml version="1.0" encoding="UTF-8"?>
<testsuite xmlns:xsi="http://www.w3.org/2001/XMLSchema-instance" xsi:noNamespaceSchemaLocation="https://maven.apache.org/surefire/maven-surefire-plugin/xsd/surefire-test-report-3.0.xsd" version="3.0" name="TestSuite" time="15.547" tests="2" errors="0" skipped="0" failures="2">
  <properties>
[...]
</properties>
  <testcase name="TestCase_1" classname="ai.iamneo.testing.Testing_Selenium_TestNg.AppTest" time="9.326">
    <failure message="disconnected: not connected to DevTools&#10;  (failed to check if window was closed: disconnected: not connected to DevTools)&#10;  (Session info: chrome=114.0.5735.133)&#10;Build info: version: &apos;4.1.0&apos;, revision: &apos;87802e897b&apos;&#10;System info: host: &apos;fecdbdabaefdddceabdfecbccfaabacdbefbaaebdcffff-0&apos;, ip: &apos;10.80.0.11&apos;, os.name: &apos;Linux&apos;, os.arch: &apos;amd64&apos;, os.version: &apos;5.15.107+&apos;, java.version: &apos;11.0.18&apos;&#10;Driver info: org.openqa.selenium.remote.RemoteWebDriver&#10;Command: [c386f2befb7cb1cb2991f268e03cc0c8, getTitle {}]&#10;Capabilities {acceptInsecureCerts: false, browserName: chrome, browserVersion: 114.0.5735.133, chrome: {chromedriverVersion: 114.0.5735.90 (386bc09e8f4f..., userDataDir: /tmp/.com.google.Chrome.a5SPh2}, goog:chromeOptions: {debuggerAddress: localhost:35493}, javascriptEnabled: true, networkConnectionEnabled: false, pageLoadStrategy: normal, platform: LINUX, platformName: LINUX, proxy: Proxy(), se:bidiEnabled: false, se:cdp: ws://10.80.0.11:4444/sessio..., se:cdpVersion: 114.0.5735.133, se:vnc: ws://10.80.0.11:4444/sessio..., se:vncEnabled: true, se:vncLocalAddress: ws://10.80.0.11:7900, setWindowRect: true, strictFileInteractability: false, timeouts: {implicit: 0, pageLoad: 300000, script: 30000}, unhandledPromptBehavior: dismiss and notify, webauthn:extension:credBlob: true, webauthn:extension:largeBlob: true, webauthn:extension:minPinLength: true, webauthn:extension:prf: true, webauthn:virtualAuthenticators: true}&#10;Session ID: c386f2befb7cb1cb2991f268e03cc0c8" type="org.openqa.selenium.WebDriverException"><![CDATA[org.openqa.selenium.WebDriverException: 
disconnected: not connected to DevTools
  (failed to check if window was closed: disconnected: not connected to DevTools)
  (Session info: chrome=114.0.5735.133)
Build info: version: '4.1.0', revision: '87802e897b'
System info: host: 'fecdbdabaefdddceabdfecbccfaabacdbefbaaebdcffff-0', ip: '10.80.0.11', os.name: 'Linux', os.arch: 'amd64', os.version: '5.15.107+', java.version: '11.0.18'
Driver info: org.openqa.selenium.remote.RemoteWebDriver
Command: [c386f2befb7cb1cb2991f268e03cc0c8, getTitle {}]
Capabilities {acceptInsecureCerts: false, browserName: chrome, browserVersion: 114.0.5735.133, chrome: {chromedriverVersion: 114.0.5735.90 (386bc09e8f4f..., userDataDir: /tmp/.com.google.Chrome.a5SPh2}, goog:chromeOptions: {debuggerAddress: localhost:35493}, javascriptEnabled: true, networkConnectionEnabled: false, pageLoadStrategy: normal, platform: LINUX, platformName: LINUX, proxy: Proxy(), se:bidiEnabled: false, se:cdp: ws://10.80.0.11:4444/sessio..., se:cdpVersion: 114.0.5735.133, se:vnc: ws://10.80.0.11:4444/sessio..., se:vncEnabled: true, se:vncLocalAddress: ws://10.80.0.11:7900, setWindowRect: true, strictFileInteractability: false, timeouts: {implicit: 0, pageLoad: 300000, script: 30000}, unhandledPromptBehavior: dismiss and notify, webauthn:extension:credBlob: true, webauthn:extension:largeBlob: true, webauthn:extension:minPinLength: true, webauthn:extension:prf: true, webauthn:virtualAuthenticators: true}
Session ID: c386f2befb7cb1cb2991f268e03cc0c8
	at ai.iamneo.testing.Testing_Selenium_TestNg.AppTest.TestCase_1(AppTest.java:28)
]]></failure>
    <system-err><![CDATA[Sep 02, 2023 4:26:38 AM org.openqa.selenium.remote.tracing.opentelemetry.OpenTelemetryTracer createTracer
INFO: Using OpenTelemetry for tracing
SLF4J: Failed to load class "org.slf4j.impl.StaticLoggerBinder".
SLF4J: Defaulting to no-operation (NOP) logger implementation
SLF4J: See http://www.slf4j.org/codes.html#StaticLoggerBinder for further details.
Sep 02, 2023 4:26:44 AM org.openqa.selenium.remote.ProtocolHandshake createSession
INFO: Detected dialect: W3C
]]></system-err>
  </testcase>
  <testcase name="TestCase_2" classname="ai.iamneo.testing.Testing_Selenium_TestNg.AppTest" time="0.072">
    <failure message="disconnected: not connected to DevTools&#10;  (failed to check if window was closed: disconnected: not connected to DevTools)&#10;  (Session info: chrome=114.0.5735.133)&#10;Build info: version: &apos;4.1.0&apos;, revision: &apos;87802e897b&apos;&#10;System info: host: &apos;fecdbdabaefdddceabdfecbccfaabacdbefbaaebdcffff-0&apos;, ip: &apos;10.80.0.11&apos;, os.name: &apos;Linux&apos;, os.arch: &apos;amd64&apos;, os.version: &apos;5.15.107+&apos;, java.version: &apos;11.0.18&apos;&#10;Driver info: org.openqa.selenium.remote.RemoteWebDriver&#10;Command: [c386f2befb7cb1cb2991f268e03cc0c8, get {url=https://admin.pscollege841.exam.ly/}]&#10;Capabilities {acceptInsecureCerts: false, browserName: chrome, browserVersion: 114.0.5735.133, chrome: {chromedriverVersion: 114.0.5735.90 (386bc09e8f4f..., userDataDir: /tmp/.com.google.Chrome.a5SPh2}, goog:chromeOptions: {debuggerAddress: localhost:35493}, javascriptEnabled: true, networkConnectionEnabled: false, pageLoadStrategy: normal, platform: LINUX, platformName: LINUX, proxy: Proxy(), se:bidiEnabled: false, se:cdp: ws://10.80.0.11:4444/sessio..., se:cdpVersion: 114.0.5735.133, se:vnc: ws://10.80.0.11:4444/sessio..., se:vncEnabled: true, se:vncLocalAddress: ws://10.80.0.11:7900, setWindowRect: true, strictFileInteractability: false, timeouts: {implicit: 0, pageLoad: 300000, script: 30000}, unhandledPromptBehavior: dismiss and notify, webauthn:extension:credBlob: true, webauthn:extension:largeBlob: true, webauthn:extension:minPinLength: true, webauthn:extension:prf: true, webauthn:virtualAuthenticators: true}&#10;Session ID: c386f2befb7cb1cb2991f268e03cc0c8" type="org.openqa.selenium.WebDriverException"><![CDATA[org.openqa.selenium.WebDriverException: 
disconnected: not connected to DevTools
  (failed to check if window was closed: disconnected: not connected to DevTools)
  (Session info: chrome=114.0.5735.133)
Build info: version: '4.1.0', revision: '87802e897b'
System info: host: 'fecdbdabaefdddceabdfecbccfaabacdbefbaaebdcffff-0', ip: '10.80.0.11', os.name: 'Linux', os.arch: 'amd64', os.version: '5.15.107+', java.version: '11.0.18'
Driver info: org.openqa.selenium.remote.RemoteWebDriver
Command: [c386f2befb7cb1cb2991f268e03cc0c8, get {url=https://admin.pscollege841.exam.ly/}]
Capabilities {acceptInsecureCerts: false, browserName: chrome, browserVersion: 114.0.5735.133, chrome: {chromedriverVersion: 114.0.5735.90 (386bc09e8f4f..., userDataDir: /tmp/.com.google.Chrome.a5SPh2}, goog:chromeOptions: {debuggerAddress: localhost:35493}, javascriptEnabled: true, networkConnectionEnabled: false, pageLoadStrategy: normal, platform: LINUX, platformName: LINUX, proxy: Proxy(), se:bidiEnabled: false, se:cdp: ws://10.80.0.11:4444/sessio..., se:cdpVersion: 114.0.5735.133, se:vnc: ws://10.80.0.11:4444/sessio..., se:vncEnabled: true, se:vncLocalAddress: ws://10.80.0.11:7900, setWindowRect: true, strictFileInteractability: false, timeouts: {implicit: 0, pageLoad: 300000, script: 30000}, unhandledPromptBehavior: dismiss and notify, webauthn:extension:credBlob: true, webauthn:extension:largeBlob: true, webauthn:extension:minPinLength: true, webauthn:extension:prf: true, webauthn:virtualAuthenticators: true}
Session ID: c386f2befb7cb1cb2991f268e03cc0c8
	at ai.iamneo.testing.Testing_Selenium_TestNg.AppTest.TestCase_2(AppTest.java:33)
]]></failure>
  </testcase>
</testsuite>